{"level":"info","message":{"reqBody":{},"reqUrl":"/js/popper.min.js.map","timeStamp":"Mon Oct 23 2023 17:31:12 GMT+0530 (India Standard Time)"},"service":"request-logging"}
{"level":"info","message":{"reqBody":{},"reqUrl":"/js/bootstrap.min.js.map","timeStamp":"Mon Oct 23 2023 17:31:12 GMT+0530 (India Standard Time)"},"service":"request-logging"}
{"level":"info","message":{"reqBody":{},"reqUrl":"/js/popper.min.js.map","timeStamp":"Mon Oct 23 2023 17:31:14 GMT+0530 (India Standard Time)"},"service":"request-logging"}
{"level":"info","message":{"reqBody":{},"reqUrl":"/js/bootstrap.min.js.map","timeStamp":"Mon Oct 23 2023 17:31:14 GMT+0530 (India Standard Time)"},"service":"request-logging"}
{"level":"info","message":{"reqBody":{},"reqUrl":"/js/popper.min.js.map","timeStamp":"Mon Oct 23 2023 18:05:36 GMT+0530 (India Standard Time)"},"service":"request-logging"}
{"level":"info","message":{"reqBody":{},"reqUrl":"/js/bootstrap.min.js.map","timeStamp":"Mon Oct 23 2023 18:05:36 GMT+0530 (India Standard Time)"},"service":"request-logging"}
{"level":"info","message":{"reqBody":{},"reqUrl":"/js/popper.min.js.map","timeStamp":"Mon Oct 23 2023 18:05:43 GMT+0530 (India Standard Time)"},"service":"request-logging"}
{"level":"info","message":{"reqBody":{},"reqUrl":"/js/bootstrap.min.js.map","timeStamp":"Mon Oct 23 2023 18:05:43 GMT+0530 (India Standard Time)"},"service":"request-logging"}
{"level":"info","message":{"reqBody":{},"reqUrl":"/api/v1/employee","timeStamp":"Mon Oct 23 2023 18:05:44 GMT+0530 (India Standard Time)"},"service":"request-logging"}
{"level":"info","message":{"reqBody":{},"reqUrl":"/js/popper.min.js.map","timeStamp":"Mon Oct 23 2023 18:05:44 GMT+0530 (India Standard Time)"},"service":"request-logging"}
{"level":"info","message":{"reqBody":{},"reqUrl":"/js/bootstrap.min.js.map","timeStamp":"Mon Oct 23 2023 18:05:44 GMT+0530 (India Standard Time)"},"service":"request-logging"}
{"level":"info","message":{"reqBody":{"emailFrom":"emp1@gmail.com","emailTo":"emp2@gmail.com"},"reqUrl":"/api/v1/review","timeStamp":"Mon Oct 23 2023 18:06:03 GMT+0530 (India Standard Time)"},"service":"request-logging"}
{"level":"info","message":{"reqBody":{},"reqUrl":"/api/v1/employee","timeStamp":"Mon Oct 23 2023 18:06:03 GMT+0530 (India Standard Time)"},"service":"request-logging"}
{"level":"info","message":{"reqBody":{},"reqUrl":"/js/popper.min.js.map","timeStamp":"Mon Oct 23 2023 18:06:03 GMT+0530 (India Standard Time)"},"service":"request-logging"}
{"level":"info","message":{"reqBody":{},"reqUrl":"/js/bootstrap.min.js.map","timeStamp":"Mon Oct 23 2023 18:06:03 GMT+0530 (India Standard Time)"},"service":"request-logging"}
{"level":"info","message":{"reqBody":{},"reqUrl":"/api/v1/employee","timeStamp":"Mon Oct 23 2023 18:10:20 GMT+0530 (India Standard Time)"},"service":"request-logging"}
{"level":"info","message":{"reqBody":{},"reqUrl":"/js/popper.min.js.map","timeStamp":"Mon Oct 23 2023 18:10:20 GMT+0530 (India Standard Time)"},"service":"request-logging"}
{"level":"info","message":{"reqBody":{},"reqUrl":"/js/bootstrap.min.js.map","timeStamp":"Mon Oct 23 2023 18:10:20 GMT+0530 (India Standard Time)"},"service":"request-logging"}
{"level":"info","message":{"reqBody":{},"reqUrl":"/js/popper.min.js.map","timeStamp":"Mon Oct 23 2023 18:10:21 GMT+0530 (India Standard Time)"},"service":"request-logging"}
{"level":"info","message":{"reqBody":{},"reqUrl":"/js/bootstrap.min.js.map","timeStamp":"Mon Oct 23 2023 18:10:21 GMT+0530 (India Standard Time)"},"service":"request-logging"}
{"level":"info","message":{"reqBody":{},"reqUrl":"/js/popper.min.js.map","timeStamp":"Mon Oct 23 2023 18:10:31 GMT+0530 (India Standard Time)"},"service":"request-logging"}
{"level":"info","message":{"reqBody":{},"reqUrl":"/js/bootstrap.min.js.map","timeStamp":"Mon Oct 23 2023 18:10:31 GMT+0530 (India Standard Time)"},"service":"request-logging"}
{"level":"info","message":{"reqBody":{},"reqUrl":"/api/v1/review","timeStamp":"Mon Oct 23 2023 18:10:32 GMT+0530 (India Standard Time)"},"service":"request-logging"}
{"level":"info","message":{"reqBody":{},"reqUrl":"/js/popper.min.js.map","timeStamp":"Mon Oct 23 2023 18:10:32 GMT+0530 (India Standard Time)"},"service":"request-logging"}
{"level":"info","message":{"reqBody":{},"reqUrl":"/js/bootstrap.min.js.map","timeStamp":"Mon Oct 23 2023 18:10:32 GMT+0530 (India Standard Time)"},"service":"request-logging"}
{"level":"info","message":{"reqBody":{},"reqUrl":"/api/v1/review","timeStamp":"Mon Oct 23 2023 18:25:39 GMT+0530 (India Standard Time)"},"service":"request-logging"}
{"level":"info","message":{"reqBody":{},"reqUrl":"/js/popper.min.js.map","timeStamp":"Mon Oct 23 2023 18:25:39 GMT+0530 (India Standard Time)"},"service":"request-logging"}
{"level":"info","message":{"reqBody":{},"reqUrl":"/js/bootstrap.min.js.map","timeStamp":"Mon Oct 23 2023 18:25:39 GMT+0530 (India Standard Time)"},"service":"request-logging"}
{"level":"info","message":{"reqBody":{},"reqUrl":"/js/popper.min.js.map","timeStamp":"Mon Oct 23 2023 18:25:47 GMT+0530 (India Standard Time)"},"service":"request-logging"}
{"level":"info","message":{"reqBody":{},"reqUrl":"/js/bootstrap.min.js.map","timeStamp":"Mon Oct 23 2023 18:25:47 GMT+0530 (India Standard Time)"},"service":"request-logging"}
{"level":"info","message":{"reqBody":{},"reqUrl":"/api/v1/review","timeStamp":"Mon Oct 23 2023 18:25:48 GMT+0530 (India Standard Time)"},"service":"request-logging"}
{"level":"info","message":{"reqBody":{},"reqUrl":"/api/v1/review","timeStamp":"Mon Oct 23 2023 18:28:25 GMT+0530 (India Standard Time)"},"service":"request-logging"}
{"level":"info","message":{"reqBody":{},"reqUrl":"/js/popper.min.js.map","timeStamp":"Mon Oct 23 2023 18:28:25 GMT+0530 (India Standard Time)"},"service":"request-logging"}
{"level":"info","message":{"reqBody":{},"reqUrl":"/js/bootstrap.min.js.map","timeStamp":"Mon Oct 23 2023 18:28:25 GMT+0530 (India Standard Time)"},"service":"request-logging"}
{"level":"info","message":{"reqBody":{},"reqUrl":"/js/popper.min.js.map","timeStamp":"Mon Oct 23 2023 18:28:25 GMT+0530 (India Standard Time)"},"service":"request-logging"}
{"level":"info","message":{"reqBody":{},"reqUrl":"/js/bootstrap.min.js.map","timeStamp":"Mon Oct 23 2023 18:28:25 GMT+0530 (India Standard Time)"},"service":"request-logging"}
{"level":"info","message":{"reqBody":{},"reqUrl":"/js/popper.min.js.map","timeStamp":"Mon Oct 23 2023 18:28:25 GMT+0530 (India Standard Time)"},"service":"request-logging"}
{"level":"info","message":{"reqBody":{},"reqUrl":"/js/bootstrap.min.js.map","timeStamp":"Mon Oct 23 2023 18:28:25 GMT+0530 (India Standard Time)"},"service":"request-logging"}
{"level":"info","message":{"reqBody":{},"reqUrl":"/api/v1/review","timeStamp":"Mon Oct 23 2023 18:28:27 GMT+0530 (India Standard Time)"},"service":"request-logging"}
{"level":"info","message":{"reqBody":{},"reqUrl":"/api/v1/review","timeStamp":"Mon Oct 23 2023 18:28:44 GMT+0530 (India Standard Time)"},"service":"request-logging"}
{"level":"info","message":{"reqBody":{},"reqUrl":"/api/v1/review","timeStamp":"Mon Oct 23 2023 18:30:09 GMT+0530 (India Standard Time)"},"service":"request-logging"}
{"level":"info","message":{"reqBody":{},"reqUrl":"/js/popper.min.js.map","timeStamp":"Mon Oct 23 2023 18:30:09 GMT+0530 (India Standard Time)"},"service":"request-logging"}
{"level":"info","message":{"reqBody":{},"reqUrl":"/js/bootstrap.min.js.map","timeStamp":"Mon Oct 23 2023 18:30:09 GMT+0530 (India Standard Time)"},"service":"request-logging"}
{"level":"info","message":{"reqBody":{},"reqUrl":"/js/popper.min.js.map","timeStamp":"Mon Oct 23 2023 18:30:23 GMT+0530 (India Standard Time)"},"service":"request-logging"}
{"level":"info","message":{"reqBody":{},"reqUrl":"/js/bootstrap.min.js.map","timeStamp":"Mon Oct 23 2023 18:30:23 GMT+0530 (India Standard Time)"},"service":"request-logging"}
{"level":"info","message":{"reqBody":{},"reqUrl":"/js/popper.min.js.map","timeStamp":"Mon Oct 23 2023 18:30:45 GMT+0530 (India Standard Time)"},"service":"request-logging"}
{"level":"info","message":{"reqBody":{},"reqUrl":"/js/bootstrap.min.js.map","timeStamp":"Mon Oct 23 2023 18:30:45 GMT+0530 (India Standard Time)"},"service":"request-logging"}
{"level":"info","message":{"reqBody":{},"reqUrl":"/api/v1/employee","timeStamp":"Mon Oct 23 2023 18:30:46 GMT+0530 (India Standard Time)"},"service":"request-logging"}
{"level":"info","message":{"reqBody":{},"reqUrl":"/js/popper.min.js.map","timeStamp":"Mon Oct 23 2023 18:30:46 GMT+0530 (India Standard Time)"},"service":"request-logging"}
{"level":"info","message":{"reqBody":{},"reqUrl":"/js/bootstrap.min.js.map","timeStamp":"Mon Oct 23 2023 18:30:46 GMT+0530 (India Standard Time)"},"service":"request-logging"}
{"level":"info","message":{"reqBody":{},"reqUrl":"/api/v1/review","timeStamp":"Mon Oct 23 2023 18:30:48 GMT+0530 (India Standard Time)"},"service":"request-logging"}
{"level":"info","message":{"reqBody":{},"reqUrl":"/api/v1/review","timeStamp":"Mon Oct 23 2023 18:30:58 GMT+0530 (India Standard Time)"},"service":"request-logging"}
{"level":"info","message":{"reqBody":{},"reqUrl":"/js/popper.min.js.map","timeStamp":"Mon Oct 23 2023 18:30:58 GMT+0530 (India Standard Time)"},"service":"request-logging"}
{"level":"info","message":{"reqBody":{},"reqUrl":"/js/bootstrap.min.js.map","timeStamp":"Mon Oct 23 2023 18:30:58 GMT+0530 (India Standard Time)"},"service":"request-logging"}
{"level":"info","message":{"reqBody":{},"reqUrl":"/api/v1/employee","timeStamp":"Mon Oct 23 2023 18:31:03 GMT+0530 (India Standard Time)"},"service":"request-logging"}
{"level":"info","message":{"reqBody":{},"reqUrl":"/js/popper.min.js.map","timeStamp":"Mon Oct 23 2023 18:31:03 GMT+0530 (India Standard Time)"},"service":"request-logging"}
{"level":"info","message":{"reqBody":{},"reqUrl":"/js/bootstrap.min.js.map","timeStamp":"Mon Oct 23 2023 18:31:03 GMT+0530 (India Standard Time)"},"service":"request-logging"}
{"level":"info","message":{"reqBody":{},"reqUrl":"/api/v1/review","timeStamp":"Mon Oct 23 2023 18:31:04 GMT+0530 (India Standard Time)"},"service":"request-logging"}
{"level":"info","message":{"reqBody":{},"reqUrl":"/js/popper.min.js.map","timeStamp":"Mon Oct 23 2023 18:31:04 GMT+0530 (India Standard Time)"},"service":"request-logging"}
{"level":"info","message":{"reqBody":{},"reqUrl":"/js/bootstrap.min.js.map","timeStamp":"Mon Oct 23 2023 18:31:04 GMT+0530 (India Standard Time)"},"service":"request-logging"}
{"level":"info","message":{"reqBody":{},"reqUrl":"/api/v1/review","timeStamp":"Mon Oct 23 2023 18:31:32 GMT+0530 (India Standard Time)"},"service":"request-logging"}
{"level":"info","message":{"reqBody":{},"reqUrl":"/js/popper.min.js.map","timeStamp":"Mon Oct 23 2023 18:31:32 GMT+0530 (India Standard Time)"},"service":"request-logging"}
{"level":"info","message":{"reqBody":{},"reqUrl":"/js/bootstrap.min.js.map","timeStamp":"Mon Oct 23 2023 18:31:32 GMT+0530 (India Standard Time)"},"service":"request-logging"}
{"level":"info","message":{"reqBody":{},"reqUrl":"/js/popper.min.js.map","timeStamp":"Mon Oct 23 2023 18:31:46 GMT+0530 (India Standard Time)"},"service":"request-logging"}
{"level":"info","message":{"reqBody":{},"reqUrl":"/js/bootstrap.min.js.map","timeStamp":"Mon Oct 23 2023 18:31:46 GMT+0530 (India Standard Time)"},"service":"request-logging"}
{"level":"info","message":{"reqBody":{},"reqUrl":"/api/v1/review","timeStamp":"Mon Oct 23 2023 18:31:48 GMT+0530 (India Standard Time)"},"service":"request-logging"}
{"level":"info","message":{"reqBody":{},"reqUrl":"/js/popper.min.js.map","timeStamp":"Mon Oct 23 2023 18:31:48 GMT+0530 (India Standard Time)"},"service":"request-logging"}
{"level":"info","message":{"reqBody":{},"reqUrl":"/js/bootstrap.min.js.map","timeStamp":"Mon Oct 23 2023 18:31:48 GMT+0530 (India Standard Time)"},"service":"request-logging"}
{"level":"info","message":{"reqBody":{},"reqUrl":"/api/v1/review","timeStamp":"Mon Oct 23 2023 18:32:32 GMT+0530 (India Standard Time)"},"service":"request-logging"}
{"level":"info","message":{"reqBody":{},"reqUrl":"/js/popper.min.js.map","timeStamp":"Mon Oct 23 2023 18:32:32 GMT+0530 (India Standard Time)"},"service":"request-logging"}
{"level":"info","message":{"reqBody":{},"reqUrl":"/js/bootstrap.min.js.map","timeStamp":"Mon Oct 23 2023 18:32:32 GMT+0530 (India Standard Time)"},"service":"request-logging"}
{"level":"info","message":{"reqBody":{},"reqUrl":"/api/v1/review","timeStamp":"Mon Oct 23 2023 18:32:39 GMT+0530 (India Standard Time)"},"service":"request-logging"}
{"level":"info","message":{"reqBody":{},"reqUrl":"/js/popper.min.js.map","timeStamp":"Mon Oct 23 2023 18:32:39 GMT+0530 (India Standard Time)"},"service":"request-logging"}
{"level":"info","message":{"reqBody":{},"reqUrl":"/js/bootstrap.min.js.map","timeStamp":"Mon Oct 23 2023 18:32:39 GMT+0530 (India Standard Time)"},"service":"request-logging"}
{"level":"info","message":{"reqBody":{},"reqUrl":"/api/v1/employee","timeStamp":"Mon Oct 23 2023 18:33:23 GMT+0530 (India Standard Time)"},"service":"request-logging"}
{"level":"info","message":{"reqBody":{},"reqUrl":"/js/popper.min.js.map","timeStamp":"Mon Oct 23 2023 18:33:24 GMT+0530 (India Standard Time)"},"service":"request-logging"}
{"level":"info","message":{"reqBody":{},"reqUrl":"/js/bootstrap.min.js.map","timeStamp":"Mon Oct 23 2023 18:33:24 GMT+0530 (India Standard Time)"},"service":"request-logging"}
{"level":"info","message":{"reqBody":{"emailFrom":"admin@gmail.com","emailTo":"emp2@gmail.com"},"reqUrl":"/api/v1/review","timeStamp":"Mon Oct 23 2023 18:33:44 GMT+0530 (India Standard Time)"},"service":"request-logging"}
{"level":"info","message":{"reqBody":{},"reqUrl":"/api/v1/employee","timeStamp":"Mon Oct 23 2023 18:33:44 GMT+0530 (India Standard Time)"},"service":"request-logging"}
{"level":"info","message":{"reqBody":{},"reqUrl":"/js/popper.min.js.map","timeStamp":"Mon Oct 23 2023 18:33:44 GMT+0530 (India Standard Time)"},"service":"request-logging"}
{"level":"info","message":{"reqBody":{},"reqUrl":"/js/bootstrap.min.js.map","timeStamp":"Mon Oct 23 2023 18:33:44 GMT+0530 (India Standard Time)"},"service":"request-logging"}
{"level":"info","message":{"reqBody":{},"reqUrl":"/api/v1/review","timeStamp":"Mon Oct 23 2023 18:33:53 GMT+0530 (India Standard Time)"},"service":"request-logging"}
{"level":"info","message":{"reqBody":{},"reqUrl":"/js/popper.min.js.map","timeStamp":"Mon Oct 23 2023 18:33:53 GMT+0530 (India Standard Time)"},"service":"request-logging"}
{"level":"info","message":{"reqBody":{},"reqUrl":"/js/bootstrap.min.js.map","timeStamp":"Mon Oct 23 2023 18:33:53 GMT+0530 (India Standard Time)"},"service":"request-logging"}
{"level":"info","message":{"reqBody":{},"reqUrl":"/api/v1/review","timeStamp":"Mon Oct 23 2023 18:34:19 GMT+0530 (India Standard Time)"},"service":"request-logging"}
{"level":"info","message":{"reqBody":{},"reqUrl":"/js/popper.min.js.map","timeStamp":"Mon Oct 23 2023 18:34:19 GMT+0530 (India Standard Time)"},"service":"request-logging"}
{"level":"info","message":{"reqBody":{},"reqUrl":"/js/bootstrap.min.js.map","timeStamp":"Mon Oct 23 2023 18:34:19 GMT+0530 (India Standard Time)"},"service":"request-logging"}
{"level":"info","message":{"reqBody":{},"reqUrl":"/api/v1/review","timeStamp":"Mon Oct 23 2023 18:34:20 GMT+0530 (India Standard Time)"},"service":"request-logging"}
{"level":"info","message":{"reqBody":{},"reqUrl":"/js/popper.min.js.map","timeStamp":"Mon Oct 23 2023 18:34:20 GMT+0530 (India Standard Time)"},"service":"request-logging"}
{"level":"info","message":{"reqBody":{},"reqUrl":"/js/bootstrap.min.js.map","timeStamp":"Mon Oct 23 2023 18:34:20 GMT+0530 (India Standard Time)"},"service":"request-logging"}
{"level":"info","message":{"reqBody":{},"reqUrl":"/api/v1/review","timeStamp":"Mon Oct 23 2023 18:35:57 GMT+0530 (India Standard Time)"},"service":"request-logging"}
{"level":"info","message":{"reqBody":{},"reqUrl":"/js/popper.min.js.map","timeStamp":"Mon Oct 23 2023 18:35:57 GMT+0530 (India Standard Time)"},"service":"request-logging"}
{"level":"info","message":{"reqBody":{},"reqUrl":"/js/bootstrap.min.js.map","timeStamp":"Mon Oct 23 2023 18:35:57 GMT+0530 (India Standard Time)"},"service":"request-logging"}
{"level":"info","message":{"reqBody":{},"reqUrl":"/js/popper.min.js.map","timeStamp":"Mon Oct 23 2023 18:36:04 GMT+0530 (India Standard Time)"},"service":"request-logging"}
{"level":"info","message":{"reqBody":{},"reqUrl":"/js/bootstrap.min.js.map","timeStamp":"Mon Oct 23 2023 18:36:04 GMT+0530 (India Standard Time)"},"service":"request-logging"}
{"level":"info","message":{"reqBody":{},"reqUrl":"/api/v1/employee","timeStamp":"Mon Oct 23 2023 18:36:06 GMT+0530 (India Standard Time)"},"service":"request-logging"}
{"level":"info","message":{"reqBody":{},"reqUrl":"/js/popper.min.js.map","timeStamp":"Mon Oct 23 2023 18:36:06 GMT+0530 (India Standard Time)"},"service":"request-logging"}
{"level":"info","message":{"reqBody":{},"reqUrl":"/js/bootstrap.min.js.map","timeStamp":"Mon Oct 23 2023 18:36:06 GMT+0530 (India Standard Time)"},"service":"request-logging"}
{"level":"info","message":{"reqBody":{},"reqUrl":"/api/v1/review","timeStamp":"Mon Oct 23 2023 18:36:06 GMT+0530 (India Standard Time)"},"service":"request-logging"}
{"level":"info","message":{"reqBody":{},"reqUrl":"/js/popper.min.js.map","timeStamp":"Mon Oct 23 2023 18:36:06 GMT+0530 (India Standard Time)"},"service":"request-logging"}
{"level":"info","message":{"reqBody":{},"reqUrl":"/js/bootstrap.min.js.map","timeStamp":"Mon Oct 23 2023 18:36:06 GMT+0530 (India Standard Time)"},"service":"request-logging"}
{"level":"info","message":{"reqBody":{},"reqUrl":"/api/v1/employee","timeStamp":"Mon Oct 23 2023 18:36:08 GMT+0530 (India Standard Time)"},"service":"request-logging"}
{"level":"info","message":{"reqBody":{},"reqUrl":"/js/popper.min.js.map","timeStamp":"Mon Oct 23 2023 18:36:09 GMT+0530 (India Standard Time)"},"service":"request-logging"}
{"level":"info","message":{"reqBody":{},"reqUrl":"/js/bootstrap.min.js.map","timeStamp":"Mon Oct 23 2023 18:36:09 GMT+0530 (India Standard Time)"},"service":"request-logging"}
{"level":"info","message":{"reqBody":{"emailFrom":"admin@gmail.com","emailTo":"emp2@gmail.com"},"reqUrl":"/api/v1/review","timeStamp":"Mon Oct 23 2023 18:36:26 GMT+0530 (India Standard Time)"},"service":"request-logging"}
{"level":"info","message":{"reqBody":{},"reqUrl":"/api/v1/employee","timeStamp":"Mon Oct 23 2023 18:36:26 GMT+0530 (India Standard Time)"},"service":"request-logging"}
{"level":"info","message":{"reqBody":{},"reqUrl":"/js/popper.min.js.map","timeStamp":"Mon Oct 23 2023 18:36:26 GMT+0530 (India Standard Time)"},"service":"request-logging"}
{"level":"info","message":{"reqBody":{},"reqUrl":"/js/bootstrap.min.js.map","timeStamp":"Mon Oct 23 2023 18:36:26 GMT+0530 (India Standard Time)"},"service":"request-logging"}
{"level":"info","message":{"reqBody":{},"reqUrl":"/api/v1/review","timeStamp":"Mon Oct 23 2023 18:36:30 GMT+0530 (India Standard Time)"},"service":"request-logging"}
{"level":"info","message":{"reqBody":{},"reqUrl":"/js/popper.min.js.map","timeStamp":"Mon Oct 23 2023 18:36:30 GMT+0530 (India Standard Time)"},"service":"request-logging"}
{"level":"info","message":{"reqBody":{},"reqUrl":"/js/bootstrap.min.js.map","timeStamp":"Mon Oct 23 2023 18:36:30 GMT+0530 (India Standard Time)"},"service":"request-logging"}
{"level":"info","message":{"reqBody":{},"reqUrl":"/api/v1/review","timeStamp":"Mon Oct 23 2023 18:37:52 GMT+0530 (India Standard Time)"},"service":"request-logging"}
{"level":"info","message":{"reqBody":{},"reqUrl":"/js/popper.min.js.map","timeStamp":"Mon Oct 23 2023 18:37:52 GMT+0530 (India Standard Time)"},"service":"request-logging"}
{"level":"info","message":{"reqBody":{},"reqUrl":"/js/bootstrap.min.js.map","timeStamp":"Mon Oct 23 2023 18:37:52 GMT+0530 (India Standard Time)"},"service":"request-logging"}
{"level":"info","message":{"reqBody":{},"reqUrl":"/js/popper.min.js.map","timeStamp":"Mon Oct 23 2023 18:38:00 GMT+0530 (India Standard Time)"},"service":"request-logging"}
{"level":"info","message":{"reqBody":{},"reqUrl":"/js/bootstrap.min.js.map","timeStamp":"Mon Oct 23 2023 18:38:00 GMT+0530 (India Standard Time)"},"service":"request-logging"}
{"level":"info","message":{"reqBody":{},"reqUrl":"/api/v1/review","timeStamp":"Mon Oct 23 2023 18:38:01 GMT+0530 (India Standard Time)"},"service":"request-logging"}
{"level":"info","message":{"reqBody":{},"reqUrl":"/js/popper.min.js.map","timeStamp":"Mon Oct 23 2023 18:38:01 GMT+0530 (India Standard Time)"},"service":"request-logging"}
{"level":"info","message":{"reqBody":{},"reqUrl":"/js/bootstrap.min.js.map","timeStamp":"Mon Oct 23 2023 18:38:01 GMT+0530 (India Standard Time)"},"service":"request-logging"}
{"level":"info","message":{"reqBody":{},"reqUrl":"/api/v1/review","timeStamp":"Mon Oct 23 2023 18:38:21 GMT+0530 (India Standard Time)"},"service":"request-logging"}
{"level":"info","message":{"reqBody":{},"reqUrl":"/js/popper.min.js.map","timeStamp":"Mon Oct 23 2023 18:38:21 GMT+0530 (India Standard Time)"},"service":"request-logging"}
{"level":"info","message":{"reqBody":{},"reqUrl":"/js/bootstrap.min.js.map","timeStamp":"Mon Oct 23 2023 18:38:21 GMT+0530 (India Standard Time)"},"service":"request-logging"}
{"level":"info","message":{"reqBody":{},"reqUrl":"/api/v1/review/","timeStamp":"Mon Oct 23 2023 18:38:27 GMT+0530 (India Standard Time)"},"service":"request-logging"}
{"level":"info","message":{"reqBody":{},"reqUrl":"/js/popper.min.js.map","timeStamp":"Mon Oct 23 2023 18:38:27 GMT+0530 (India Standard Time)"},"service":"request-logging"}
{"level":"info","message":{"reqBody":{},"reqUrl":"/js/bootstrap.min.js.map","timeStamp":"Mon Oct 23 2023 18:38:27 GMT+0530 (India Standard Time)"},"service":"request-logging"}
{"level":"info","message":{"reqBody":{},"reqUrl":"/api/v1/review/","timeStamp":"Mon Oct 23 2023 18:38:49 GMT+0530 (India Standard Time)"},"service":"request-logging"}
{"level":"info","message":{"reqBody":{},"reqUrl":"/js/popper.min.js.map","timeStamp":"Mon Oct 23 2023 18:38:49 GMT+0530 (India Standard Time)"},"service":"request-logging"}
{"level":"info","message":{"reqBody":{},"reqUrl":"/js/bootstrap.min.js.map","timeStamp":"Mon Oct 23 2023 18:38:49 GMT+0530 (India Standard Time)"},"service":"request-logging"}
{"level":"info","message":{"reqBody":{},"reqUrl":"/js/popper.min.js.map","timeStamp":"Mon Oct 23 2023 18:38:59 GMT+0530 (India Standard Time)"},"service":"request-logging"}
{"level":"info","message":{"reqBody":{},"reqUrl":"/js/bootstrap.min.js.map","timeStamp":"Mon Oct 23 2023 18:38:59 GMT+0530 (India Standard Time)"},"service":"request-logging"}
{"level":"info","message":{"reqBody":{},"reqUrl":"/api/v1/review","timeStamp":"Mon Oct 23 2023 18:39:01 GMT+0530 (India Standard Time)"},"service":"request-logging"}
{"level":"info","message":{"reqBody":{},"reqUrl":"/js/popper.min.js.map","timeStamp":"Mon Oct 23 2023 18:39:01 GMT+0530 (India Standard Time)"},"service":"request-logging"}
{"level":"info","message":{"reqBody":{},"reqUrl":"/js/bootstrap.min.js.map","timeStamp":"Mon Oct 23 2023 18:39:01 GMT+0530 (India Standard Time)"},"service":"request-logging"}
{"level":"info","message":{"reqBody":{},"reqUrl":"/js/popper.min.js.map","timeStamp":"Mon Oct 23 2023 18:39:04 GMT+0530 (India Standard Time)"},"service":"request-logging"}
{"level":"info","message":{"reqBody":{},"reqUrl":"/js/bootstrap.min.js.map","timeStamp":"Mon Oct 23 2023 18:39:04 GMT+0530 (India Standard Time)"},"service":"request-logging"}
{"level":"info","message":{"reqBody":{},"reqUrl":"/api/v1/review","timeStamp":"Mon Oct 23 2023 18:39:05 GMT+0530 (India Standard Time)"},"service":"request-logging"}
{"level":"info","message":{"reqBody":{},"reqUrl":"/js/popper.min.js.map","timeStamp":"Mon Oct 23 2023 18:39:05 GMT+0530 (India Standard Time)"},"service":"request-logging"}
{"level":"info","message":{"reqBody":{},"reqUrl":"/js/bootstrap.min.js.map","timeStamp":"Mon Oct 23 2023 18:39:05 GMT+0530 (India Standard Time)"},"service":"request-logging"}
{"level":"info","message":{"reqBody":{},"reqUrl":"/js/popper.min.js.map","timeStamp":"Mon Oct 23 2023 18:39:06 GMT+0530 (India Standard Time)"},"service":"request-logging"}
{"level":"info","message":{"reqBody":{},"reqUrl":"/js/bootstrap.min.js.map","timeStamp":"Mon Oct 23 2023 18:39:06 GMT+0530 (India Standard Time)"},"service":"request-logging"}
{"level":"info","message":{"reqBody":{},"reqUrl":"/api/v1/review","timeStamp":"Mon Oct 23 2023 18:39:08 GMT+0530 (India Standard Time)"},"service":"request-logging"}
{"level":"info","message":{"reqBody":{},"reqUrl":"/js/popper.min.js.map","timeStamp":"Mon Oct 23 2023 18:39:08 GMT+0530 (India Standard Time)"},"service":"request-logging"}
{"level":"info","message":{"reqBody":{},"reqUrl":"/js/bootstrap.min.js.map","timeStamp":"Mon Oct 23 2023 18:39:08 GMT+0530 (India Standard Time)"},"service":"request-logging"}
{"level":"info","message":{"reqBody":{},"reqUrl":"/js/popper.min.js.map","timeStamp":"Mon Oct 23 2023 18:39:11 GMT+0530 (India Standard Time)"},"service":"request-logging"}
{"level":"info","message":{"reqBody":{},"reqUrl":"/js/bootstrap.min.js.map","timeStamp":"Mon Oct 23 2023 18:39:11 GMT+0530 (India Standard Time)"},"service":"request-logging"}
{"level":"info","message":{"reqBody":{},"reqUrl":"/js/popper.min.js.map","timeStamp":"Mon Oct 23 2023 18:39:13 GMT+0530 (India Standard Time)"},"service":"request-logging"}
{"level":"info","message":{"reqBody":{},"reqUrl":"/js/bootstrap.min.js.map","timeStamp":"Mon Oct 23 2023 18:39:13 GMT+0530 (India Standard Time)"},"service":"request-logging"}
{"level":"info","message":{"reqBody":{},"reqUrl":"/js/popper.min.js.map","timeStamp":"Mon Oct 23 2023 18:39:16 GMT+0530 (India Standard Time)"},"service":"request-logging"}
{"level":"info","message":{"reqBody":{},"reqUrl":"/js/bootstrap.min.js.map","timeStamp":"Mon Oct 23 2023 18:39:16 GMT+0530 (India Standard Time)"},"service":"request-logging"}
{"level":"info","message":{"reqBody":{},"reqUrl":"/js/popper.min.js.map","timeStamp":"Mon Oct 23 2023 18:39:24 GMT+0530 (India Standard Time)"},"service":"request-logging"}
{"level":"info","message":{"reqBody":{},"reqUrl":"/js/bootstrap.min.js.map","timeStamp":"Mon Oct 23 2023 18:39:24 GMT+0530 (India Standard Time)"},"service":"request-logging"}
{"level":"info","message":{"reqBody":{},"reqUrl":"/api/v1/employee","timeStamp":"Mon Oct 23 2023 18:39:25 GMT+0530 (India Standard Time)"},"service":"request-logging"}
{"level":"info","message":{"reqBody":{},"reqUrl":"/js/popper.min.js.map","timeStamp":"Mon Oct 23 2023 18:39:25 GMT+0530 (India Standard Time)"},"service":"request-logging"}
{"level":"info","message":{"reqBody":{},"reqUrl":"/js/bootstrap.min.js.map","timeStamp":"Mon Oct 23 2023 18:39:25 GMT+0530 (India Standard Time)"},"service":"request-logging"}
{"level":"info","message":{"reqBody":{},"reqUrl":"/api/v1/review","timeStamp":"Mon Oct 23 2023 18:39:26 GMT+0530 (India Standard Time)"},"service":"request-logging"}
{"level":"info","message":{"reqBody":{},"reqUrl":"/js/popper.min.js.map","timeStamp":"Mon Oct 23 2023 18:39:26 GMT+0530 (India Standard Time)"},"service":"request-logging"}
{"level":"info","message":{"reqBody":{},"reqUrl":"/js/bootstrap.min.js.map","timeStamp":"Mon Oct 23 2023 18:39:26 GMT+0530 (India Standard Time)"},"service":"request-logging"}
{"level":"info","message":{"reqBody":{},"reqUrl":"/api/v1/review","timeStamp":"Mon Oct 23 2023 18:40:44 GMT+0530 (India Standard Time)"},"service":"request-logging"}
{"level":"info","message":{"reqBody":{},"reqUrl":"/js/popper.min.js.map","timeStamp":"Mon Oct 23 2023 18:40:44 GMT+0530 (India Standard Time)"},"service":"request-logging"}
{"level":"info","message":{"reqBody":{},"reqUrl":"/js/bootstrap.min.js.map","timeStamp":"Mon Oct 23 2023 18:40:44 GMT+0530 (India Standard Time)"},"service":"request-logging"}
{"level":"info","message":{"reqBody":{},"reqUrl":"/api/v1/review/72511b4c-865b-4fa8-ad0a-7dd6895a9369","timeStamp":"Mon Oct 23 2023 18:40:46 GMT+0530 (India Standard Time)"},"service":"request-logging"}
{"level":"info","message":{"reqBody":{},"reqUrl":"/api/v1/review","timeStamp":"Mon Oct 23 2023 18:41:25 GMT+0530 (India Standard Time)"},"service":"request-logging"}
{"level":"info","message":{"reqBody":{},"reqUrl":"/js/popper.min.js.map","timeStamp":"Mon Oct 23 2023 18:41:25 GMT+0530 (India Standard Time)"},"service":"request-logging"}
{"level":"info","message":{"reqBody":{},"reqUrl":"/js/bootstrap.min.js.map","timeStamp":"Mon Oct 23 2023 18:41:25 GMT+0530 (India Standard Time)"},"service":"request-logging"}
{"level":"info","message":{"reqBody":{},"reqUrl":"/js/popper.min.js.map","timeStamp":"Mon Oct 23 2023 18:41:35 GMT+0530 (India Standard Time)"},"service":"request-logging"}
{"level":"info","message":{"reqBody":{},"reqUrl":"/js/bootstrap.min.js.map","timeStamp":"Mon Oct 23 2023 18:41:35 GMT+0530 (India Standard Time)"},"service":"request-logging"}
{"level":"info","message":{"reqBody":{},"reqUrl":"/api/v1/review","timeStamp":"Mon Oct 23 2023 18:41:36 GMT+0530 (India Standard Time)"},"service":"request-logging"}
{"level":"info","message":{"reqBody":{},"reqUrl":"/js/popper.min.js.map","timeStamp":"Mon Oct 23 2023 18:41:37 GMT+0530 (India Standard Time)"},"service":"request-logging"}
{"level":"info","message":{"reqBody":{},"reqUrl":"/js/bootstrap.min.js.map","timeStamp":"Mon Oct 23 2023 18:41:37 GMT+0530 (India Standard Time)"},"service":"request-logging"}
{"level":"info","message":{"reqBody":{},"reqUrl":"/api/v1/review/9e663053-d970-4604-a8be-e78f803be244","timeStamp":"Mon Oct 23 2023 18:41:59 GMT+0530 (India Standard Time)"},"service":"request-logging"}
{"level":"info","message":{"reqBody":{},"reqUrl":"/api/v1/review","timeStamp":"Mon Oct 23 2023 18:48:06 GMT+0530 (India Standard Time)"},"service":"request-logging"}
{"level":"info","message":{"reqBody":{},"reqUrl":"/js/popper.min.js.map","timeStamp":"Mon Oct 23 2023 18:48:06 GMT+0530 (India Standard Time)"},"service":"request-logging"}
{"level":"info","message":{"reqBody":{},"reqUrl":"/js/bootstrap.min.js.map","timeStamp":"Mon Oct 23 2023 18:48:06 GMT+0530 (India Standard Time)"},"service":"request-logging"}
{"level":"info","message":{"reqBody":{},"reqUrl":"/api/v1/review","timeStamp":"Mon Oct 23 2023 18:48:08 GMT+0530 (India Standard Time)"},"service":"request-logging"}
{"level":"info","message":{"reqBody":{},"reqUrl":"/js/popper.min.js.map","timeStamp":"Mon Oct 23 2023 18:48:08 GMT+0530 (India Standard Time)"},"service":"request-logging"}
{"level":"info","message":{"reqBody":{},"reqUrl":"/js/bootstrap.min.js.map","timeStamp":"Mon Oct 23 2023 18:48:08 GMT+0530 (India Standard Time)"},"service":"request-logging"}
{"level":"info","message":{"reqBody":{},"reqUrl":"/api/v1/review","timeStamp":"Mon Oct 23 2023 18:48:08 GMT+0530 (India Standard Time)"},"service":"request-logging"}
{"level":"info","message":{"reqBody":{},"reqUrl":"/js/popper.min.js.map","timeStamp":"Mon Oct 23 2023 18:48:08 GMT+0530 (India Standard Time)"},"service":"request-logging"}
{"level":"info","message":{"reqBody":{},"reqUrl":"/js/bootstrap.min.js.map","timeStamp":"Mon Oct 23 2023 18:48:08 GMT+0530 (India Standard Time)"},"service":"request-logging"}
{"level":"info","message":{"reqBody":{},"reqUrl":"/api/v1/review","timeStamp":"Mon Oct 23 2023 18:48:09 GMT+0530 (India Standard Time)"},"service":"request-logging"}
{"level":"info","message":{"reqBody":{},"reqUrl":"/js/popper.min.js.map","timeStamp":"Mon Oct 23 2023 18:48:09 GMT+0530 (India Standard Time)"},"service":"request-logging"}
{"level":"info","message":{"reqBody":{},"reqUrl":"/js/bootstrap.min.js.map","timeStamp":"Mon Oct 23 2023 18:48:09 GMT+0530 (India Standard Time)"},"service":"request-logging"}
{"level":"info","message":{"reqBody":{},"reqUrl":"/api/v1/review","timeStamp":"Mon Oct 23 2023 18:48:09 GMT+0530 (India Standard Time)"},"service":"request-logging"}
{"level":"info","message":{"reqBody":{},"reqUrl":"/js/popper.min.js.map","timeStamp":"Mon Oct 23 2023 18:48:09 GMT+0530 (India Standard Time)"},"service":"request-logging"}
{"level":"info","message":{"reqBody":{},"reqUrl":"/js/bootstrap.min.js.map","timeStamp":"Mon Oct 23 2023 18:48:09 GMT+0530 (India Standard Time)"},"service":"request-logging"}
{"level":"info","message":{"reqBody":{},"reqUrl":"/api/v1/review","timeStamp":"Mon Oct 23 2023 18:48:23 GMT+0530 (India Standard Time)"},"service":"request-logging"}
{"level":"info","message":{"reqBody":{},"reqUrl":"/js/popper.min.js.map","timeStamp":"Mon Oct 23 2023 18:48:23 GMT+0530 (India Standard Time)"},"service":"request-logging"}
{"level":"info","message":{"reqBody":{},"reqUrl":"/js/bootstrap.min.js.map","timeStamp":"Mon Oct 23 2023 18:48:23 GMT+0530 (India Standard Time)"},"service":"request-logging"}
{"level":"info","message":{"reqBody":{},"reqUrl":"/js/popper.min.js.map","timeStamp":"Mon Oct 23 2023 18:48:31 GMT+0530 (India Standard Time)"},"service":"request-logging"}
{"level":"info","message":{"reqBody":{},"reqUrl":"/js/bootstrap.min.js.map","timeStamp":"Mon Oct 23 2023 18:48:31 GMT+0530 (India Standard Time)"},"service":"request-logging"}
{"level":"info","message":{"reqBody":{},"reqUrl":"/api/v1/review","timeStamp":"Mon Oct 23 2023 18:48:33 GMT+0530 (India Standard Time)"},"service":"request-logging"}
{"level":"info","message":{"reqBody":{},"reqUrl":"/js/popper.min.js.map","timeStamp":"Mon Oct 23 2023 18:48:33 GMT+0530 (India Standard Time)"},"service":"request-logging"}
{"level":"info","message":{"reqBody":{},"reqUrl":"/js/bootstrap.min.js.map","timeStamp":"Mon Oct 23 2023 18:48:33 GMT+0530 (India Standard Time)"},"service":"request-logging"}
{"level":"info","message":{"reqBody":{},"reqUrl":"/api/v1/review","timeStamp":"Mon Oct 23 2023 18:50:48 GMT+0530 (India Standard Time)"},"service":"request-logging"}
{"level":"info","message":{"reqBody":{},"reqUrl":"/js/popper.min.js.map","timeStamp":"Mon Oct 23 2023 18:50:48 GMT+0530 (India Standard Time)"},"service":"request-logging"}
{"level":"info","message":{"reqBody":{},"reqUrl":"/js/bootstrap.min.js.map","timeStamp":"Mon Oct 23 2023 18:50:48 GMT+0530 (India Standard Time)"},"service":"request-logging"}
{"level":"info","message":{"reqBody":{},"reqUrl":"/api/v1/review/9e663053-d970-4604-a8be-e78f803be244","timeStamp":"Mon Oct 23 2023 18:50:50 GMT+0530 (India Standard Time)"},"service":"request-logging"}
{"level":"info","message":{"reqBody":{},"reqUrl":"/api/v1/review/feedback","timeStamp":"Mon Oct 23 2023 18:54:39 GMT+0530 (India Standard Time)"},"service":"request-logging"}
{"level":"info","message":{"reqBody":{},"reqUrl":"/api/v1/review","timeStamp":"Mon Oct 23 2023 18:54:42 GMT+0530 (India Standard Time)"},"service":"request-logging"}
{"level":"info","message":{"reqBody":{},"reqUrl":"/js/popper.min.js.map","timeStamp":"Mon Oct 23 2023 18:54:42 GMT+0530 (India Standard Time)"},"service":"request-logging"}
{"level":"info","message":{"reqBody":{},"reqUrl":"/js/bootstrap.min.js.map","timeStamp":"Mon Oct 23 2023 18:54:42 GMT+0530 (India Standard Time)"},"service":"request-logging"}
{"level":"info","message":{"reqBody":{},"reqUrl":"/api/v1/review","timeStamp":"Mon Oct 23 2023 19:10:53 GMT+0530 (India Standard Time)"},"service":"request-logging"}
{"level":"info","message":{"reqBody":{},"reqUrl":"/js/popper.min.js.map","timeStamp":"Mon Oct 23 2023 19:10:53 GMT+0530 (India Standard Time)"},"service":"request-logging"}
{"level":"info","message":{"reqBody":{},"reqUrl":"/js/bootstrap.min.js.map","timeStamp":"Mon Oct 23 2023 19:10:53 GMT+0530 (India Standard Time)"},"service":"request-logging"}
{"level":"info","message":{"reqBody":{},"reqUrl":"/js/popper.min.js.map","timeStamp":"Mon Oct 23 2023 19:11:02 GMT+0530 (India Standard Time)"},"service":"request-logging"}
{"level":"info","message":{"reqBody":{},"reqUrl":"/js/bootstrap.min.js.map","timeStamp":"Mon Oct 23 2023 19:11:02 GMT+0530 (India Standard Time)"},"service":"request-logging"}
{"level":"info","message":{"reqBody":{},"reqUrl":"/api/v1/review/feedback","timeStamp":"Mon Oct 23 2023 19:11:04 GMT+0530 (India Standard Time)"},"service":"request-logging"}
{"level":"info","message":{"reqBody":{},"reqUrl":"/api/v1/review/feedback","timeStamp":"Mon Oct 23 2023 19:11:37 GMT+0530 (India Standard Time)"},"service":"request-logging"}
{"level":"info","message":{"reqBody":{},"reqUrl":"/js/popper.min.js.map","timeStamp":"Mon Oct 23 2023 19:11:37 GMT+0530 (India Standard Time)"},"service":"request-logging"}
{"level":"info","message":{"reqBody":{},"reqUrl":"/js/bootstrap.min.js.map","timeStamp":"Mon Oct 23 2023 19:11:37 GMT+0530 (India Standard Time)"},"service":"request-logging"}
{"level":"info","message":{"reqBody":{},"reqUrl":"/api/v1/review","timeStamp":"Mon Oct 23 2023 19:11:56 GMT+0530 (India Standard Time)"},"service":"request-logging"}
{"level":"info","message":{"reqBody":{},"reqUrl":"/js/popper.min.js.map","timeStamp":"Mon Oct 23 2023 19:11:56 GMT+0530 (India Standard Time)"},"service":"request-logging"}
{"level":"info","message":{"reqBody":{},"reqUrl":"/js/bootstrap.min.js.map","timeStamp":"Mon Oct 23 2023 19:11:56 GMT+0530 (India Standard Time)"},"service":"request-logging"}
{"level":"info","message":{"reqBody":{},"reqUrl":"/api/v1/review","timeStamp":"Mon Oct 23 2023 19:12:58 GMT+0530 (India Standard Time)"},"service":"request-logging"}
{"level":"info","message":{"reqBody":{},"reqUrl":"/js/popper.min.js.map","timeStamp":"Mon Oct 23 2023 19:12:59 GMT+0530 (India Standard Time)"},"service":"request-logging"}
{"level":"info","message":{"reqBody":{},"reqUrl":"/js/bootstrap.min.js.map","timeStamp":"Mon Oct 23 2023 19:12:59 GMT+0530 (India Standard Time)"},"service":"request-logging"}
{"level":"info","message":{"reqBody":{},"reqUrl":"/js/popper.min.js.map","timeStamp":"Mon Oct 23 2023 19:13:07 GMT+0530 (India Standard Time)"},"service":"request-logging"}
{"level":"info","message":{"reqBody":{},"reqUrl":"/js/bootstrap.min.js.map","timeStamp":"Mon Oct 23 2023 19:13:07 GMT+0530 (India Standard Time)"},"service":"request-logging"}
{"level":"info","message":{"reqBody":{},"reqUrl":"/api/v1/review","timeStamp":"Mon Oct 23 2023 19:13:08 GMT+0530 (India Standard Time)"},"service":"request-logging"}
{"level":"info","message":{"reqBody":{},"reqUrl":"/js/popper.min.js.map","timeStamp":"Mon Oct 23 2023 19:13:08 GMT+0530 (India Standard Time)"},"service":"request-logging"}
{"level":"info","message":{"reqBody":{},"reqUrl":"/js/bootstrap.min.js.map","timeStamp":"Mon Oct 23 2023 19:13:08 GMT+0530 (India Standard Time)"},"service":"request-logging"}
{"level":"info","message":{"reqBody":{},"reqUrl":"/api/v1/review/feedback","timeStamp":"Mon Oct 23 2023 19:13:14 GMT+0530 (India Standard Time)"},"service":"request-logging"}
{"level":"info","message":{"reqBody":{},"reqUrl":"/js/popper.min.js.map","timeStamp":"Mon Oct 23 2023 19:13:14 GMT+0530 (India Standard Time)"},"service":"request-logging"}
{"level":"info","message":{"reqBody":{},"reqUrl":"/js/bootstrap.min.js.map","timeStamp":"Mon Oct 23 2023 19:13:14 GMT+0530 (India Standard Time)"},"service":"request-logging"}
{"level":"info","message":{"reqBody":{},"reqUrl":"/api/v1/review/feedback","timeStamp":"Mon Oct 23 2023 19:13:39 GMT+0530 (India Standard Time)"},"service":"request-logging"}
{"level":"info","message":{"reqBody":{},"reqUrl":"/js/popper.min.js.map","timeStamp":"Mon Oct 23 2023 19:13:40 GMT+0530 (India Standard Time)"},"service":"request-logging"}
{"level":"info","message":{"reqBody":{},"reqUrl":"/js/bootstrap.min.js.map","timeStamp":"Mon Oct 23 2023 19:13:40 GMT+0530 (India Standard Time)"},"service":"request-logging"}
{"level":"info","message":{"reqBody":{},"reqUrl":"/js/popper.min.js.map","timeStamp":"Mon Oct 23 2023 19:13:50 GMT+0530 (India Standard Time)"},"service":"request-logging"}
{"level":"info","message":{"reqBody":{},"reqUrl":"/js/bootstrap.min.js.map","timeStamp":"Mon Oct 23 2023 19:13:50 GMT+0530 (India Standard Time)"},"service":"request-logging"}
{"level":"info","message":{"reqBody":{},"reqUrl":"/api/v1/review/feedback","timeStamp":"Mon Oct 23 2023 19:13:51 GMT+0530 (India Standard Time)"},"service":"request-logging"}
{"level":"info","message":{"reqBody":{},"reqUrl":"/js/popper.min.js.map","timeStamp":"Mon Oct 23 2023 19:13:51 GMT+0530 (India Standard Time)"},"service":"request-logging"}
{"level":"info","message":{"reqBody":{},"reqUrl":"/js/bootstrap.min.js.map","timeStamp":"Mon Oct 23 2023 19:13:51 GMT+0530 (India Standard Time)"},"service":"request-logging"}
{"level":"info","message":{"reqBody":{},"reqUrl":"/api/v1/review","timeStamp":"Mon Oct 23 2023 19:13:52 GMT+0530 (India Standard Time)"},"service":"request-logging"}
{"level":"info","message":{"reqBody":{},"reqUrl":"/js/popper.min.js.map","timeStamp":"Mon Oct 23 2023 19:13:52 GMT+0530 (India Standard Time)"},"service":"request-logging"}
{"level":"info","message":{"reqBody":{},"reqUrl":"/js/bootstrap.min.js.map","timeStamp":"Mon Oct 23 2023 19:13:52 GMT+0530 (India Standard Time)"},"service":"request-logging"}
{"level":"info","message":{"reqBody":{},"reqUrl":"/api/v1/review/feedback","timeStamp":"Mon Oct 23 2023 19:13:53 GMT+0530 (India Standard Time)"},"service":"request-logging"}
{"level":"info","message":{"reqBody":{},"reqUrl":"/js/popper.min.js.map","timeStamp":"Mon Oct 23 2023 19:13:53 GMT+0530 (India Standard Time)"},"service":"request-logging"}
{"level":"info","message":{"reqBody":{},"reqUrl":"/js/bootstrap.min.js.map","timeStamp":"Mon Oct 23 2023 19:13:53 GMT+0530 (India Standard Time)"},"service":"request-logging"}
{"level":"info","message":{"reqBody":{},"reqUrl":"/js/popper.min.js.map","timeStamp":"Mon Oct 23 2023 19:15:03 GMT+0530 (India Standard Time)"},"service":"request-logging"}
{"level":"info","message":{"reqBody":{},"reqUrl":"/js/bootstrap.min.js.map","timeStamp":"Mon Oct 23 2023 19:15:03 GMT+0530 (India Standard Time)"},"service":"request-logging"}
{"level":"info","message":{"reqBody":{},"reqUrl":"/api/v1/review","timeStamp":"Mon Oct 23 2023 19:15:04 GMT+0530 (India Standard Time)"},"service":"request-logging"}
{"level":"info","message":{"reqBody":{},"reqUrl":"/js/popper.min.js.map","timeStamp":"Mon Oct 23 2023 19:15:04 GMT+0530 (India Standard Time)"},"service":"request-logging"}
{"level":"info","message":{"reqBody":{},"reqUrl":"/js/bootstrap.min.js.map","timeStamp":"Mon Oct 23 2023 19:15:04 GMT+0530 (India Standard Time)"},"service":"request-logging"}
{"level":"info","message":{"reqBody":{},"reqUrl":"/api/v1/review/feedback","timeStamp":"Mon Oct 23 2023 19:15:06 GMT+0530 (India Standard Time)"},"service":"request-logging"}
{"level":"info","message":{"reqBody":{},"reqUrl":"/js/popper.min.js.map","timeStamp":"Mon Oct 23 2023 19:15:06 GMT+0530 (India Standard Time)"},"service":"request-logging"}
{"level":"info","message":{"reqBody":{},"reqUrl":"/js/bootstrap.min.js.map","timeStamp":"Mon Oct 23 2023 19:15:06 GMT+0530 (India Standard Time)"},"service":"request-logging"}
{"level":"info","message":{"reqBody":{},"reqUrl":"/api/v1/review/9e663053-d970-4604-a8be-e78f803be244","timeStamp":"Mon Oct 23 2023 19:15:08 GMT+0530 (India Standard Time)"},"service":"request-logging"}
{"level":"info","message":{"reqBody":{},"reqUrl":"/api/v1/review/feedback","timeStamp":"Mon Oct 23 2023 19:15:13 GMT+0530 (India Standard Time)"},"service":"request-logging"}
{"level":"info","message":{"reqBody":{},"reqUrl":"/js/popper.min.js.map","timeStamp":"Mon Oct 23 2023 19:15:13 GMT+0530 (India Standard Time)"},"service":"request-logging"}
{"level":"info","message":{"reqBody":{},"reqUrl":"/js/bootstrap.min.js.map","timeStamp":"Mon Oct 23 2023 19:15:13 GMT+0530 (India Standard Time)"},"service":"request-logging"}
{"level":"info","message":{"reqBody":{},"reqUrl":"/js/popper.min.js.map","timeStamp":"Mon Oct 23 2023 19:15:25 GMT+0530 (India Standard Time)"},"service":"request-logging"}
{"level":"info","message":{"reqBody":{},"reqUrl":"/js/bootstrap.min.js.map","timeStamp":"Mon Oct 23 2023 19:15:25 GMT+0530 (India Standard Time)"},"service":"request-logging"}
{"level":"info","message":{"reqBody":{},"reqUrl":"/api/v1/review","timeStamp":"Mon Oct 23 2023 19:15:26 GMT+0530 (India Standard Time)"},"service":"request-logging"}
{"level":"info","message":{"reqBody":{},"reqUrl":"/js/popper.min.js.map","timeStamp":"Mon Oct 23 2023 19:15:26 GMT+0530 (India Standard Time)"},"service":"request-logging"}
{"level":"info","message":{"reqBody":{},"reqUrl":"/js/bootstrap.min.js.map","timeStamp":"Mon Oct 23 2023 19:15:26 GMT+0530 (India Standard Time)"},"service":"request-logging"}
{"level":"info","message":{"reqBody":{},"reqUrl":"/api/v1/review/feedback","timeStamp":"Mon Oct 23 2023 19:15:27 GMT+0530 (India Standard Time)"},"service":"request-logging"}
{"level":"info","message":{"reqBody":{},"reqUrl":"/js/popper.min.js.map","timeStamp":"Mon Oct 23 2023 19:15:27 GMT+0530 (India Standard Time)"},"service":"request-logging"}
{"level":"info","message":{"reqBody":{},"reqUrl":"/js/bootstrap.min.js.map","timeStamp":"Mon Oct 23 2023 19:15:27 GMT+0530 (India Standard Time)"},"service":"request-logging"}
{"level":"info","message":{"reqBody":{},"reqUrl":"/api/v1/review","timeStamp":"Mon Oct 23 2023 19:15:29 GMT+0530 (India Standard Time)"},"service":"request-logging"}
{"level":"info","message":{"reqBody":{},"reqUrl":"/js/popper.min.js.map","timeStamp":"Mon Oct 23 2023 19:15:29 GMT+0530 (India Standard Time)"},"service":"request-logging"}
{"level":"info","message":{"reqBody":{},"reqUrl":"/js/bootstrap.min.js.map","timeStamp":"Mon Oct 23 2023 19:15:29 GMT+0530 (India Standard Time)"},"service":"request-logging"}
{"level":"info","message":{"reqBody":{},"reqUrl":"/api/v1/review/feedback","timeStamp":"Mon Oct 23 2023 19:15:30 GMT+0530 (India Standard Time)"},"service":"request-logging"}
{"level":"info","message":{"reqBody":{},"reqUrl":"/js/popper.min.js.map","timeStamp":"Mon Oct 23 2023 19:15:30 GMT+0530 (India Standard Time)"},"service":"request-logging"}
{"level":"info","message":{"reqBody":{},"reqUrl":"/js/bootstrap.min.js.map","timeStamp":"Mon Oct 23 2023 19:15:30 GMT+0530 (India Standard Time)"},"service":"request-logging"}
{"level":"info","message":{"reqBody":{},"reqUrl":"/api/v1/review","timeStamp":"Mon Oct 23 2023 19:15:33 GMT+0530 (India Standard Time)"},"service":"request-logging"}
{"level":"info","message":{"reqBody":{},"reqUrl":"/js/popper.min.js.map","timeStamp":"Mon Oct 23 2023 19:15:33 GMT+0530 (India Standard Time)"},"service":"request-logging"}
{"level":"info","message":{"reqBody":{},"reqUrl":"/js/bootstrap.min.js.map","timeStamp":"Mon Oct 23 2023 19:15:33 GMT+0530 (India Standard Time)"},"service":"request-logging"}
{"level":"info","message":{"reqBody":{},"reqUrl":"/api/v1/review/feedback","timeStamp":"Mon Oct 23 2023 19:15:33 GMT+0530 (India Standard Time)"},"service":"request-logging"}
{"level":"info","message":{"reqBody":{},"reqUrl":"/js/popper.min.js.map","timeStamp":"Mon Oct 23 2023 19:15:33 GMT+0530 (India Standard Time)"},"service":"request-logging"}
{"level":"info","message":{"reqBody":{},"reqUrl":"/js/bootstrap.min.js.map","timeStamp":"Mon Oct 23 2023 19:15:33 GMT+0530 (India Standard Time)"},"service":"request-logging"}
{"level":"info","message":{"reqBody":{},"reqUrl":"/api/v1/review/feedback","timeStamp":"Mon Oct 23 2023 19:15:37 GMT+0530 (India Standard Time)"},"service":"request-logging"}
{"level":"info","message":{"reqBody":{},"reqUrl":"/js/popper.min.js.map","timeStamp":"Mon Oct 23 2023 19:15:37 GMT+0530 (India Standard Time)"},"service":"request-logging"}
{"level":"info","message":{"reqBody":{},"reqUrl":"/js/bootstrap.min.js.map","timeStamp":"Mon Oct 23 2023 19:15:37 GMT+0530 (India Standard Time)"},"service":"request-logging"}
{"level":"info","message":{"reqBody":{},"reqUrl":"/js/popper.min.js.map","timeStamp":"Mon Oct 23 2023 19:15:46 GMT+0530 (India Standard Time)"},"service":"request-logging"}
{"level":"info","message":{"reqBody":{},"reqUrl":"/js/bootstrap.min.js.map","timeStamp":"Mon Oct 23 2023 19:15:46 GMT+0530 (India Standard Time)"},"service":"request-logging"}
{"level":"info","message":{"reqBody":{},"reqUrl":"/api/v1/review","timeStamp":"Mon Oct 23 2023 19:15:47 GMT+0530 (India Standard Time)"},"service":"request-logging"}
{"level":"info","message":{"reqBody":{},"reqUrl":"/js/popper.min.js.map","timeStamp":"Mon Oct 23 2023 19:15:47 GMT+0530 (India Standard Time)"},"service":"request-logging"}
{"level":"info","message":{"reqBody":{},"reqUrl":"/js/bootstrap.min.js.map","timeStamp":"Mon Oct 23 2023 19:15:47 GMT+0530 (India Standard Time)"},"service":"request-logging"}
{"level":"info","message":{"reqBody":{},"reqUrl":"/api/v1/review/72511b4c-865b-4fa8-ad0a-7dd6895a9369","timeStamp":"Mon Oct 23 2023 19:16:06 GMT+0530 (India Standard Time)"},"service":"request-logging"}
{"level":"info","message":{"reqBody":{},"reqUrl":"/api/v1/review","timeStamp":"Mon Oct 23 2023 19:16:50 GMT+0530 (India Standard Time)"},"service":"request-logging"}
{"level":"info","message":{"reqBody":{},"reqUrl":"/js/popper.min.js.map","timeStamp":"Mon Oct 23 2023 19:16:50 GMT+0530 (India Standard Time)"},"service":"request-logging"}
{"level":"info","message":{"reqBody":{},"reqUrl":"/js/bootstrap.min.js.map","timeStamp":"Mon Oct 23 2023 19:16:50 GMT+0530 (India Standard Time)"},"service":"request-logging"}
{"level":"info","message":{"reqBody":{},"reqUrl":"/api/v1/review/feedback","timeStamp":"Mon Oct 23 2023 19:16:51 GMT+0530 (India Standard Time)"},"service":"request-logging"}
{"level":"info","message":{"reqBody":{},"reqUrl":"/js/popper.min.js.map","timeStamp":"Mon Oct 23 2023 19:16:51 GMT+0530 (India Standard Time)"},"service":"request-logging"}
{"level":"info","message":{"reqBody":{},"reqUrl":"/js/bootstrap.min.js.map","timeStamp":"Mon Oct 23 2023 19:16:51 GMT+0530 (India Standard Time)"},"service":"request-logging"}
{"level":"info","message":{"reqBody":{},"reqUrl":"/api/v1/review","timeStamp":"Mon Oct 23 2023 19:16:56 GMT+0530 (India Standard Time)"},"service":"request-logging"}
{"level":"info","message":{"reqBody":{},"reqUrl":"/js/popper.min.js.map","timeStamp":"Mon Oct 23 2023 19:16:56 GMT+0530 (India Standard Time)"},"service":"request-logging"}
{"level":"info","message":{"reqBody":{},"reqUrl":"/js/bootstrap.min.js.map","timeStamp":"Mon Oct 23 2023 19:16:56 GMT+0530 (India Standard Time)"},"service":"request-logging"}
{"level":"info","message":{"reqBody":{},"reqUrl":"/api/v1/review/feedback","timeStamp":"Mon Oct 23 2023 19:17:07 GMT+0530 (India Standard Time)"},"service":"request-logging"}
{"level":"info","message":{"reqBody":{},"reqUrl":"/js/popper.min.js.map","timeStamp":"Mon Oct 23 2023 19:17:07 GMT+0530 (India Standard Time)"},"service":"request-logging"}
{"level":"info","message":{"reqBody":{},"reqUrl":"/js/bootstrap.min.js.map","timeStamp":"Mon Oct 23 2023 19:17:07 GMT+0530 (India Standard Time)"},"service":"request-logging"}
{"level":"info","message":{"reqBody":{},"reqUrl":"/api/v1/review","timeStamp":"Mon Oct 23 2023 19:17:08 GMT+0530 (India Standard Time)"},"service":"request-logging"}
{"level":"info","message":{"reqBody":{},"reqUrl":"/js/popper.min.js.map","timeStamp":"Mon Oct 23 2023 19:17:08 GMT+0530 (India Standard Time)"},"service":"request-logging"}
{"level":"info","message":{"reqBody":{},"reqUrl":"/js/bootstrap.min.js.map","timeStamp":"Mon Oct 23 2023 19:17:08 GMT+0530 (India Standard Time)"},"service":"request-logging"}
{"level":"info","message":{"reqBody":{},"reqUrl":"/api/v1/review","timeStamp":"Mon Oct 23 2023 19:19:56 GMT+0530 (India Standard Time)"},"service":"request-logging"}
{"level":"info","message":{"reqBody":{},"reqUrl":"/js/popper.min.js.map","timeStamp":"Mon Oct 23 2023 19:19:56 GMT+0530 (India Standard Time)"},"service":"request-logging"}
{"level":"info","message":{"reqBody":{},"reqUrl":"/js/bootstrap.min.js.map","timeStamp":"Mon Oct 23 2023 19:19:56 GMT+0530 (India Standard Time)"},"service":"request-logging"}
{"level":"info","message":{"reqBody":{},"reqUrl":"/js/popper.min.js.map","timeStamp":"Mon Oct 23 2023 19:20:04 GMT+0530 (India Standard Time)"},"service":"request-logging"}
{"level":"info","message":{"reqBody":{},"reqUrl":"/js/bootstrap.min.js.map","timeStamp":"Mon Oct 23 2023 19:20:04 GMT+0530 (India Standard Time)"},"service":"request-logging"}
{"level":"info","message":{"reqBody":{},"reqUrl":"/api/v1/review/feedback","timeStamp":"Mon Oct 23 2023 19:20:05 GMT+0530 (India Standard Time)"},"service":"request-logging"}
{"level":"info","message":{"reqBody":{},"reqUrl":"/js/popper.min.js.map","timeStamp":"Mon Oct 23 2023 19:20:05 GMT+0530 (India Standard Time)"},"service":"request-logging"}
{"level":"info","message":{"reqBody":{},"reqUrl":"/js/bootstrap.min.js.map","timeStamp":"Mon Oct 23 2023 19:20:05 GMT+0530 (India Standard Time)"},"service":"request-logging"}
{"level":"info","message":{"reqBody":{},"reqUrl":"/api/v1/review","timeStamp":"Mon Oct 23 2023 19:20:08 GMT+0530 (India Standard Time)"},"service":"request-logging"}
{"level":"info","message":{"reqBody":{},"reqUrl":"/js/popper.min.js.map","timeStamp":"Mon Oct 23 2023 19:20:08 GMT+0530 (India Standard Time)"},"service":"request-logging"}
{"level":"info","message":{"reqBody":{},"reqUrl":"/js/bootstrap.min.js.map","timeStamp":"Mon Oct 23 2023 19:20:08 GMT+0530 (India Standard Time)"},"service":"request-logging"}
{"level":"info","message":{"reqBody":{},"reqUrl":"/api/v1/review/feedback","timeStamp":"Mon Oct 23 2023 19:20:09 GMT+0530 (India Standard Time)"},"service":"request-logging"}
{"level":"info","message":{"reqBody":{},"reqUrl":"/js/popper.min.js.map","timeStamp":"Mon Oct 23 2023 19:20:09 GMT+0530 (India Standard Time)"},"service":"request-logging"}
{"level":"info","message":{"reqBody":{},"reqUrl":"/js/bootstrap.min.js.map","timeStamp":"Mon Oct 23 2023 19:20:09 GMT+0530 (India Standard Time)"},"service":"request-logging"}
